<?xml version="1.0" encoding="UTF-8"?>
<testsuite xmlns:xsi="http://www.w3.org/2001/XMLSchema-instance" xsi:noNamespaceSchemaLocation="https://maven.apache.org/surefire/maven-failsafe-plugin/xsd/failsafe-test-report.xsd" name="edu.pdx.cs410J.cox.PhoneBillServiceSyncProxyIT" time="0.683" tests="2" errors="0" skipped="0" failures="0">
  <properties>
    <property name="sun.desktop" value="windows"/>
    <property name="awt.toolkit" value="sun.awt.windows.WToolkit"/>
    <property name="java.specification.version" value="10"/>
    <property name="file.encoding.pkg" value="sun.io"/>
    <property name="sun.cpu.isalist" value="amd64"/>
    <property name="sun.jnu.encoding" value="Cp1252"/>
    <property name="java.class.path" value="C:\Users\LilyMC\AdvJavaSummer2018\phonebill-gwt\target\it-classes;C:\Users\LilyMC\AdvJavaSummer2018\phonebill-gwt\target\phonebill.jar;C:\Users\LilyMC\.m2\repository\edu\pdx\cs410J\projects\Summer2018\projects-Summer2018.jar;C:\Users\LilyMC\.m2\repository\edu\pdx\cs410J\projects\Summer2018\projects-Summer2018-sources.jar;C:\Users\LilyMC\.m2\repository\com\google\guava\guava-gwt\18.0\guava-gwt-18.0.jar;C:\Users\LilyMC\.m2\repository\com\google\code\findbugs\jsr305\1.3.9\jsr305-1.3.9.jar;C:\Users\LilyMC\.m2\repository\com\google\guava\guava\18.0\guava-18.0.jar;C:\Users\LilyMC\.m2\repository\edu\pdx\cs410J\examples\Summer2018\examples-Summer2018.jar;C:\Users\LilyMC\.m2\repository\edu\pdx\cs410J\family\Summer2018\family-Summer2018.jar;C:\Users\LilyMC\.m2\repository\javax\mail\javax.mail-api\1.6.1\javax.mail-api-1.6.1.jar;C:\Users\LilyMC\.m2\repository\javax\activation\activation\1.1\activation-1.1.jar;C:\Users\LilyMC\.m2\repository\com\google\inject\guice\4.2.0\guice-4.2.0.jar;C:\Users\LilyMC\.m2\repository\javax\inject\javax.inject\1\javax.inject-1.jar;C:\Users\LilyMC\.m2\repository\aopalliance\aopalliance\1.0\aopalliance-1.0.jar;C:\Users\LilyMC\.m2\repository\org\codehaus\groovy\groovy-all\2.4.10\groovy-all-2.4.10.jar;C:\Users\LilyMC\.m2\repository\com\blueesoteric\gwt-syncproxy\0.5\gwt-syncproxy-0.5.jar;C:\Users\LilyMC\.m2\repository\com\google\gwt\gwt-servlet\2.8.2\gwt-servlet-2.8.2.jar;C:\Users\LilyMC\.m2\repository\com\google\gwt\gwt-user\2.8.2\gwt-user-2.8.2.jar;C:\Users\LilyMC\.m2\repository\com\google\jsinterop\jsinterop-annotations\1.0.2\jsinterop-annotations-1.0.2.jar;C:\Users\LilyMC\.m2\repository\com\google\jsinterop\jsinterop-annotations\1.0.2\jsinterop-annotations-1.0.2-sources.jar;C:\Users\LilyMC\.m2\repository\javax\validation\validation-api\1.0.0.GA\validation-api-1.0.0.GA.jar;C:\Users\LilyMC\.m2\repository\javax\validation\validation-api\1.0.0.GA\validation-api-1.0.0.GA-sources.jar;C:\Users\LilyMC\.m2\repository\javax\servlet\javax.servlet-api\3.1.0\javax.servlet-api-3.1.0.jar;C:\Users\LilyMC\.m2\repository\org\w3c\css\sac\1.3\sac-1.3.jar;C:\Users\LilyMC\.m2\repository\com\google\gwt\gwt-dev\2.8.2\gwt-dev-2.8.2.jar;C:\Users\LilyMC\.m2\repository\com\google\code\gson\gson\2.6.2\gson-2.6.2.jar;C:\Users\LilyMC\.m2\repository\org\ow2\asm\asm\5.0.3\asm-5.0.3.jar;C:\Users\LilyMC\.m2\repository\org\ow2\asm\asm-util\5.0.3\asm-util-5.0.3.jar;C:\Users\LilyMC\.m2\repository\org\ow2\asm\asm-tree\5.0.3\asm-tree-5.0.3.jar;C:\Users\LilyMC\.m2\repository\org\ow2\asm\asm-commons\5.0.3\asm-commons-5.0.3.jar;C:\Users\LilyMC\.m2\repository\colt\colt\1.2.0\colt-1.2.0.jar;C:\Users\LilyMC\.m2\repository\ant\ant\1.6.5\ant-1.6.5.jar;C:\Users\LilyMC\.m2\repository\commons-collections\commons-collections\3.2.2\commons-collections-3.2.2.jar;C:\Users\LilyMC\.m2\repository\commons-io\commons-io\2.4\commons-io-2.4.jar;C:\Users\LilyMC\.m2\repository\com\ibm\icu\icu4j\50.1.1\icu4j-50.1.1.jar;C:\Users\LilyMC\.m2\repository\tapestry\tapestry\4.0.2\tapestry-4.0.2.jar;C:\Users\LilyMC\.m2\repository\net\sourceforge\htmlunit\htmlunit\2.19\htmlunit-2.19.jar;C:\Users\LilyMC\.m2\repository\xalan\xalan\2.7.2\xalan-2.7.2.jar;C:\Users\LilyMC\.m2\repository\xalan\serializer\2.7.2\serializer-2.7.2.jar;C:\Users\LilyMC\.m2\repository\org\apache\commons\commons-lang3\3.4\commons-lang3-3.4.jar;C:\Users\LilyMC\.m2\repository\org\apache\httpcomponents\httpclient\4.5.1\httpclient-4.5.1.jar;C:\Users\LilyMC\.m2\repository\org\apache\httpcomponents\httpcore\4.4.3\httpcore-4.4.3.jar;C:\Users\LilyMC\.m2\repository\org\apache\httpcomponents\httpmime\4.5.1\httpmime-4.5.1.jar;C:\Users\LilyMC\.m2\repository\commons-codec\commons-codec\1.10\commons-codec-1.10.jar;C:\Users\LilyMC\.m2\repository\net\sourceforge\htmlunit\htmlunit-core-js\2.17\htmlunit-core-js-2.17.jar;C:\Users\LilyMC\.m2\repository\xerces\xercesImpl\2.11.0\xercesImpl-2.11.0.jar;C:\Users\LilyMC\.m2\repository\xml-apis\xml-apis\1.4.01\xml-apis-1.4.01.jar;C:\Users\LilyMC\.m2\repository\net\sourceforge\nekohtml\nekohtml\1.9.22\nekohtml-1.9.22.jar;C:\Users\LilyMC\.m2\repository\net\sourceforge\cssparser\cssparser\0.9.18\cssparser-0.9.18.jar;C:\Users\LilyMC\.m2\repository\commons-logging\commons-logging\1.2\commons-logging-1.2.jar;C:\Users\LilyMC\.m2\repository\org\eclipse\jetty\websocket\websocket-client\9.2.13.v20150730\websocket-client-9.2.13.v20150730.jar;C:\Users\LilyMC\.m2\repository\org\eclipse\jetty\websocket\websocket-common\9.2.14.v20151106\websocket-common-9.2.14.v20151106.jar;C:\Users\LilyMC\.m2\repository\org\eclipse\jetty\websocket\websocket-api\9.2.14.v20151106\websocket-api-9.2.14.v20151106.jar;C:\Users\LilyMC\.m2\repository\org\eclipse\jetty\jetty-webapp\9.2.14.v20151106\jetty-webapp-9.2.14.v20151106.jar;C:\Users\LilyMC\.m2\repository\org\eclipse\jetty\jetty-xml\9.2.14.v20151106\jetty-xml-9.2.14.v20151106.jar;C:\Users\LilyMC\.m2\repository\org\eclipse\jetty\jetty-servlet\9.2.14.v20151106\jetty-servlet-9.2.14.v20151106.jar;C:\Users\LilyMC\.m2\repository\org\eclipse\jetty\jetty-security\9.2.14.v20151106\jetty-security-9.2.14.v20151106.jar;C:\Users\LilyMC\.m2\repository\org\eclipse\jetty\jetty-servlets\9.2.14.v20151106\jetty-servlets-9.2.14.v20151106.jar;C:\Users\LilyMC\.m2\repository\org\eclipse\jetty\jetty-continuation\9.2.14.v20151106\jetty-continuation-9.2.14.v20151106.jar;C:\Users\LilyMC\.m2\repository\org\eclipse\jetty\jetty-http\9.2.14.v20151106\jetty-http-9.2.14.v20151106.jar;C:\Users\LilyMC\.m2\repository\org\eclipse\jetty\jetty-util\9.2.14.v20151106\jetty-util-9.2.14.v20151106.jar;C:\Users\LilyMC\.m2\repository\org\eclipse\jetty\jetty-io\9.2.14.v20151106\jetty-io-9.2.14.v20151106.jar;C:\Users\LilyMC\.m2\repository\org\eclipse\jetty\jetty-annotations\9.2.14.v20151106\jetty-annotations-9.2.14.v20151106.jar;C:\Users\LilyMC\.m2\repository\org\eclipse\jetty\jetty-plus\9.2.14.v20151106\jetty-plus-9.2.14.v20151106.jar;C:\Users\LilyMC\.m2\repository\org\eclipse\jetty\jetty-jndi\9.2.14.v20151106\jetty-jndi-9.2.14.v20151106.jar;C:\Users\LilyMC\.m2\repository\javax\annotation\javax.annotation-api\1.2\javax.annotation-api-1.2.jar;C:\Users\LilyMC\.m2\repository\org\eclipse\jetty\apache-jsp\9.2.14.v20151106\apache-jsp-9.2.14.v20151106.jar;C:\Users\LilyMC\.m2\repository\org\eclipse\jetty\jetty-server\9.2.14.v20151106\jetty-server-9.2.14.v20151106.jar;C:\Users\LilyMC\.m2\repository\org\eclipse\jetty\toolchain\jetty-schemas\3.1.M0\jetty-schemas-3.1.M0.jar;C:\Users\LilyMC\.m2\repository\org\mortbay\jasper\apache-jsp\8.0.9.M3\apache-jsp-8.0.9.M3.jar;C:\Users\LilyMC\.m2\repository\org\mortbay\jasper\apache-el\8.0.9.M3\apache-el-8.0.9.M3.jar;C:\Users\LilyMC\.m2\repository\junit\junit\4.12\junit-4.12.jar;C:\Users\LilyMC\.m2\repository\org\hamcrest\hamcrest-core\1.3\hamcrest-core-1.3.jar;C:\Users\LilyMC\AdvJavaSummer2018\phonebill-gwt\target/test-classes;"/>
    <property name="java.vm.vendor" value="&quot;Oracle Corporation&quot;"/>
    <property name="sun.arch.data.model" value="64"/>
    <property name="user.variant" value=""/>
    <property name="java.vendor.url" value="http://java.oracle.com/"/>
    <property name="user.timezone" value=""/>
    <property name="java.vm.specification.version" value="10"/>
    <property name="os.name" value="Windows 10"/>
    <property name="sun.java.launcher" value="SUN_STANDARD"/>
    <property name="user.country" value="US"/>
    <property name="sun.boot.library.path" value="C:\Program Files\Java\jdk-10.0.1\bin"/>
    <property name="sun.java.command" value="C:\Users\LilyMC\AppData\Local\Temp\surefire1921511906495399182\surefirebooter7436099230828461715.jar C:\Users\LilyMC\AppData\Local\Temp\surefire1921511906495399182 2018-08-15T14-54-41_267-jvmRun1 surefire7561364506002055519tmp surefire_0498308718790946634tmp"/>
    <property name="jdk.debug" value="release"/>
    <property name="http.port" value="8080"/>
    <property name="surefire.test.class.path" value="C:\Users\LilyMC\AdvJavaSummer2018\phonebill-gwt\target\it-classes;C:\Users\LilyMC\AdvJavaSummer2018\phonebill-gwt\target\phonebill.jar;C:\Users\LilyMC\.m2\repository\edu\pdx\cs410J\projects\Summer2018\projects-Summer2018.jar;C:\Users\LilyMC\.m2\repository\edu\pdx\cs410J\projects\Summer2018\projects-Summer2018-sources.jar;C:\Users\LilyMC\.m2\repository\com\google\guava\guava-gwt\18.0\guava-gwt-18.0.jar;C:\Users\LilyMC\.m2\repository\com\google\code\findbugs\jsr305\1.3.9\jsr305-1.3.9.jar;C:\Users\LilyMC\.m2\repository\com\google\guava\guava\18.0\guava-18.0.jar;C:\Users\LilyMC\.m2\repository\edu\pdx\cs410J\examples\Summer2018\examples-Summer2018.jar;C:\Users\LilyMC\.m2\repository\edu\pdx\cs410J\family\Summer2018\family-Summer2018.jar;C:\Users\LilyMC\.m2\repository\javax\mail\javax.mail-api\1.6.1\javax.mail-api-1.6.1.jar;C:\Users\LilyMC\.m2\repository\javax\activation\activation\1.1\activation-1.1.jar;C:\Users\LilyMC\.m2\repository\com\google\inject\guice\4.2.0\guice-4.2.0.jar;C:\Users\LilyMC\.m2\repository\javax\inject\javax.inject\1\javax.inject-1.jar;C:\Users\LilyMC\.m2\repository\aopalliance\aopalliance\1.0\aopalliance-1.0.jar;C:\Users\LilyMC\.m2\repository\org\codehaus\groovy\groovy-all\2.4.10\groovy-all-2.4.10.jar;C:\Users\LilyMC\.m2\repository\com\blueesoteric\gwt-syncproxy\0.5\gwt-syncproxy-0.5.jar;C:\Users\LilyMC\.m2\repository\com\google\gwt\gwt-servlet\2.8.2\gwt-servlet-2.8.2.jar;C:\Users\LilyMC\.m2\repository\com\google\gwt\gwt-user\2.8.2\gwt-user-2.8.2.jar;C:\Users\LilyMC\.m2\repository\com\google\jsinterop\jsinterop-annotations\1.0.2\jsinterop-annotations-1.0.2.jar;C:\Users\LilyMC\.m2\repository\com\google\jsinterop\jsinterop-annotations\1.0.2\jsinterop-annotations-1.0.2-sources.jar;C:\Users\LilyMC\.m2\repository\javax\validation\validation-api\1.0.0.GA\validation-api-1.0.0.GA.jar;C:\Users\LilyMC\.m2\repository\javax\validation\validation-api\1.0.0.GA\validation-api-1.0.0.GA-sources.jar;C:\Users\LilyMC\.m2\repository\javax\servlet\javax.servlet-api\3.1.0\javax.servlet-api-3.1.0.jar;C:\Users\LilyMC\.m2\repository\org\w3c\css\sac\1.3\sac-1.3.jar;C:\Users\LilyMC\.m2\repository\com\google\gwt\gwt-dev\2.8.2\gwt-dev-2.8.2.jar;C:\Users\LilyMC\.m2\repository\com\google\code\gson\gson\2.6.2\gson-2.6.2.jar;C:\Users\LilyMC\.m2\repository\org\ow2\asm\asm\5.0.3\asm-5.0.3.jar;C:\Users\LilyMC\.m2\repository\org\ow2\asm\asm-util\5.0.3\asm-util-5.0.3.jar;C:\Users\LilyMC\.m2\repository\org\ow2\asm\asm-tree\5.0.3\asm-tree-5.0.3.jar;C:\Users\LilyMC\.m2\repository\org\ow2\asm\asm-commons\5.0.3\asm-commons-5.0.3.jar;C:\Users\LilyMC\.m2\repository\colt\colt\1.2.0\colt-1.2.0.jar;C:\Users\LilyMC\.m2\repository\ant\ant\1.6.5\ant-1.6.5.jar;C:\Users\LilyMC\.m2\repository\commons-collections\commons-collections\3.2.2\commons-collections-3.2.2.jar;C:\Users\LilyMC\.m2\repository\commons-io\commons-io\2.4\commons-io-2.4.jar;C:\Users\LilyMC\.m2\repository\com\ibm\icu\icu4j\50.1.1\icu4j-50.1.1.jar;C:\Users\LilyMC\.m2\repository\tapestry\tapestry\4.0.2\tapestry-4.0.2.jar;C:\Users\LilyMC\.m2\repository\net\sourceforge\htmlunit\htmlunit\2.19\htmlunit-2.19.jar;C:\Users\LilyMC\.m2\repository\xalan\xalan\2.7.2\xalan-2.7.2.jar;C:\Users\LilyMC\.m2\repository\xalan\serializer\2.7.2\serializer-2.7.2.jar;C:\Users\LilyMC\.m2\repository\org\apache\commons\commons-lang3\3.4\commons-lang3-3.4.jar;C:\Users\LilyMC\.m2\repository\org\apache\httpcomponents\httpclient\4.5.1\httpclient-4.5.1.jar;C:\Users\LilyMC\.m2\repository\org\apache\httpcomponents\httpcore\4.4.3\httpcore-4.4.3.jar;C:\Users\LilyMC\.m2\repository\org\apache\httpcomponents\httpmime\4.5.1\httpmime-4.5.1.jar;C:\Users\LilyMC\.m2\repository\commons-codec\commons-codec\1.10\commons-codec-1.10.jar;C:\Users\LilyMC\.m2\repository\net\sourceforge\htmlunit\htmlunit-core-js\2.17\htmlunit-core-js-2.17.jar;C:\Users\LilyMC\.m2\repository\xerces\xercesImpl\2.11.0\xercesImpl-2.11.0.jar;C:\Users\LilyMC\.m2\repository\xml-apis\xml-apis\1.4.01\xml-apis-1.4.01.jar;C:\Users\LilyMC\.m2\repository\net\sourceforge\nekohtml\nekohtml\1.9.22\nekohtml-1.9.22.jar;C:\Users\LilyMC\.m2\repository\net\sourceforge\cssparser\cssparser\0.9.18\cssparser-0.9.18.jar;C:\Users\LilyMC\.m2\repository\commons-logging\commons-logging\1.2\commons-logging-1.2.jar;C:\Users\LilyMC\.m2\repository\org\eclipse\jetty\websocket\websocket-client\9.2.13.v20150730\websocket-client-9.2.13.v20150730.jar;C:\Users\LilyMC\.m2\repository\org\eclipse\jetty\websocket\websocket-common\9.2.14.v20151106\websocket-common-9.2.14.v20151106.jar;C:\Users\LilyMC\.m2\repository\org\eclipse\jetty\websocket\websocket-api\9.2.14.v20151106\websocket-api-9.2.14.v20151106.jar;C:\Users\LilyMC\.m2\repository\org\eclipse\jetty\jetty-webapp\9.2.14.v20151106\jetty-webapp-9.2.14.v20151106.jar;C:\Users\LilyMC\.m2\repository\org\eclipse\jetty\jetty-xml\9.2.14.v20151106\jetty-xml-9.2.14.v20151106.jar;C:\Users\LilyMC\.m2\repository\org\eclipse\jetty\jetty-servlet\9.2.14.v20151106\jetty-servlet-9.2.14.v20151106.jar;C:\Users\LilyMC\.m2\repository\org\eclipse\jetty\jetty-security\9.2.14.v20151106\jetty-security-9.2.14.v20151106.jar;C:\Users\LilyMC\.m2\repository\org\eclipse\jetty\jetty-servlets\9.2.14.v20151106\jetty-servlets-9.2.14.v20151106.jar;C:\Users\LilyMC\.m2\repository\org\eclipse\jetty\jetty-continuation\9.2.14.v20151106\jetty-continuation-9.2.14.v20151106.jar;C:\Users\LilyMC\.m2\repository\org\eclipse\jetty\jetty-http\9.2.14.v20151106\jetty-http-9.2.14.v20151106.jar;C:\Users\LilyMC\.m2\repository\org\eclipse\jetty\jetty-util\9.2.14.v20151106\jetty-util-9.2.14.v20151106.jar;C:\Users\LilyMC\.m2\repository\org\eclipse\jetty\jetty-io\9.2.14.v20151106\jetty-io-9.2.14.v20151106.jar;C:\Users\LilyMC\.m2\repository\org\eclipse\jetty\jetty-annotations\9.2.14.v20151106\jetty-annotations-9.2.14.v20151106.jar;C:\Users\LilyMC\.m2\repository\org\eclipse\jetty\jetty-plus\9.2.14.v20151106\jetty-plus-9.2.14.v20151106.jar;C:\Users\LilyMC\.m2\repository\org\eclipse\jetty\jetty-jndi\9.2.14.v20151106\jetty-jndi-9.2.14.v20151106.jar;C:\Users\LilyMC\.m2\repository\javax\annotation\javax.annotation-api\1.2\javax.annotation-api-1.2.jar;C:\Users\LilyMC\.m2\repository\org\eclipse\jetty\apache-jsp\9.2.14.v20151106\apache-jsp-9.2.14.v20151106.jar;C:\Users\LilyMC\.m2\repository\org\eclipse\jetty\jetty-server\9.2.14.v20151106\jetty-server-9.2.14.v20151106.jar;C:\Users\LilyMC\.m2\repository\org\eclipse\jetty\toolchain\jetty-schemas\3.1.M0\jetty-schemas-3.1.M0.jar;C:\Users\LilyMC\.m2\repository\org\mortbay\jasper\apache-jsp\8.0.9.M3\apache-jsp-8.0.9.M3.jar;C:\Users\LilyMC\.m2\repository\org\mortbay\jasper\apache-el\8.0.9.M3\apache-el-8.0.9.M3.jar;C:\Users\LilyMC\.m2\repository\junit\junit\4.12\junit-4.12.jar;C:\Users\LilyMC\.m2\repository\org\hamcrest\hamcrest-core\1.3\hamcrest-core-1.3.jar;C:\Users\LilyMC\AdvJavaSummer2018\phonebill-gwt\target/test-classes;"/>
    <property name="sun.cpu.endian" value="little"/>
    <property name="user.home" value="C:\Users\LilyMC"/>
    <property name="user.language" value="en"/>
    <property name="java.specification.vendor" value="Oracle Corporation"/>
    <property name="java.version.date" value="2018-04-17"/>
    <property name="java.home" value="C:\Program Files\Java\jdk-10.0.1"/>
    <property name="file.separator" value="\"/>
    <property name="basedir" value="C:\Users\LilyMC\AdvJavaSummer2018\phonebill-gwt"/>
    <property name="java.vm.compressedOopsMode" value="Zero based"/>
    <property name="line.separator" value="&#10;"/>
    <property name="java.specification.name" value="Java Platform API Specification"/>
    <property name="java.vm.specification.vendor" value="Oracle Corporation"/>
    <property name="java.awt.graphicsenv" value="sun.awt.Win32GraphicsEnvironment"/>
    <property name="surefire.real.class.path" value="C:\Users\LilyMC\AppData\Local\Temp\surefire1921511906495399182\surefirebooter7436099230828461715.jar"/>
    <property name="user.script" value=""/>
    <property name="sun.management.compiler" value="HotSpot 64-Bit Tiered Compilers"/>
    <property name="java.runtime.version" value="10.0.1+10"/>
    <property name="user.name" value="LilyMC"/>
    <property name="path.separator" value=";"/>
    <property name="os.version" value="10.0"/>
    <property name="java.runtime.name" value="Java(TM) SE Runtime Environment"/>
    <property name="file.encoding" value="Cp1252"/>
    <property name="java.vm.name" value="Java HotSpot(TM) 64-Bit Server VM"/>
    <property name="java.vendor.version" value="18.3"/>
    <property name="localRepository" value="C:\Users\LilyMC\.m2\repository"/>
    <property name="java.vendor.url.bug" value="http://bugreport.java.com/bugreport/"/>
    <property name="java.io.tmpdir" value="C:\Users\LilyMC\AppData\Local\Temp\"/>
    <property name="java.version" value="10.0.1"/>
    <property name="user.dir" value="C:\Users\LilyMC\AdvJavaSummer2018\phonebill-gwt"/>
    <property name="os.arch" value="amd64"/>
    <property name="java.vm.specification.name" value="Java Virtual Machine Specification"/>
    <property name="java.awt.printerjob" value="sun.awt.windows.WPrinterJob"/>
    <property name="sun.os.patch.level" value=""/>
    <property name="java.library.path" value="C:\Program Files\Java\jdk-10.0.1\bin;C:\WINDOWS\Sun\Java\bin;C:\WINDOWS\system32;C:\WINDOWS;C:\Users\LilyMC\bin;C:\Program Files\Git\mingw64\bin;C:\Program Files\Git\usr\local\bin;C:\Program Files\Git\usr\bin;C:\Program Files\Git\usr\bin;C:\Program Files\Git\mingw64\bin;C:\Program Files\Git\usr\bin;C:\Users\LilyMC\bin;C:\Program Files (x86)\Common Files\Oracle\Java\javapath;C:\ProgramData\Oracle\Java\javapath;C:\Program Files (x86)\Intel\iCLS Client;C:\Program Files\Intel\iCLS Client;C:\Windows\system32;C:\Windows;C:\Windows\System32\Wbem;C:\Windows\System32\WindowsPowerShell\v1.0;C:\Program Files (x86)\Intel\Intel(R) Management Engine Components\DAL;C:\Program Files\Intel\Intel(R) Management Engine Components\DAL;C:\Program Files (x86)\Intel\Intel(R) Management Engine Components\IPT;C:\Program Files\Intel\Intel(R) Management Engine Components\IPT;C:\Program Files (x86)\NVIDIA Corporation\PhysX\Common;C:\WINDOWS\system32;C:\WINDOWS;C:\WINDOWS\System32\Wbem;C:\WINDOWS\System32\WindowsPowerShell\v1.0;C:\Program Files (x86)\GtkSharp\2.12\bin;C:\Program Files\Microsoft SQL Server\130\Tools\Binn;C:\Program Files\dotnet;C:\WINDOWS\System32\OpenSSH;C:\Program Files\Apache\maven\bin;C:\Program Files\Git\cmd;C:\Users\LilyMC\AppData\Local\Programs\Python\Python36\Scripts;C:\Users\LilyMC\AppData\Local\Programs\Python\Python36;C:\Users\LilyMC\AppData\Local\Microsoft\WindowsApps;C:\Users\LilyMC\AppData\Local\GitHubDesktop\bin;C:\Users\LilyMC\AppData\Local\Microsoft\WindowsApps;C:\Users\LilyMC\AppData\Local\atom\bin;C:\Program Files\Git\usr\bin\vendor_perl;C:\Program Files\Git\usr\bin\core_perl;."/>
    <property name="java.vendor" value="Oracle Corporation"/>
    <property name="java.vm.info" value="mixed mode"/>
    <property name="java.vm.version" value="10.0.1+10"/>
    <property name="sun.io.unicode.encoding" value="UnicodeLittle"/>
    <property name="java.class.version" value="54.0"/>
  </properties>
  <testcase name="gwtWebApplicationIsRunning" classname="edu.pdx.cs410J.cox.PhoneBillServiceSyncProxyIT" time="0.064"/>
  <testcase name="canInvokePhoneBillServiceWithGwtSyncProxy" classname="edu.pdx.cs410J.cox.PhoneBillServiceSyncProxyIT" time="0.474"/>
</testsuite>